# JRE version: OpenJDK Runtime Environment Zulu17.46+19-CA (17.0.9+8) (build 17.0.9+8-LTS)
# Java VM: OpenJDK 64-Bit Server VM Zulu17.46+19-CA (17.0.9+8-LTS, mixed mode, sharing, tiered, compressed oops, compressed class ptrs, g1 gc, windows-amd64)
GC Precious Log:
 CPUs: 2 total, 2 available
 Memory: 3932M
 Large Page Support: Disabled
 NUMA Support: Disabled
 Compressed Oops: Enabled (32-bit)
 Heap Region Size: 1M
 Heap Min Capacity: 8M
 Heap Initial Capacity: 62M
 Heap Max Capacity: 984M
 Pre-touch: Disabled
 Parallel Workers: 2
 Concurrent Workers: 1
 Concurrent Refinement Workers: 2
 Periodic GC: Disabled
Heap:
 garbage-first heap   total 61440K, used 26872K [0x00000000c2800000, 0x0000000100000000)
  region size 1024K, 8 young (8192K), 4 survivors (4096K)
 Metaspace       used 52963K, committed 53312K, reserved 1114112K
  class space    used 7009K, committed 7168K, reserved 1048576K
GC Heap History (20 events):
Event: 21.080 GC heap before
{Heap before GC invocations=5 (full 0):
 garbage-first heap   total 63488K, used 43545K [0x00000000c2800000, 0x0000000100000000)
  region size 1024K, 36 young (36864K), 4 survivors (4096K)
 Metaspace       used 20455K, committed 20736K, reserved 1114112K
  class space    used 2587K, committed 2752K, reserved 1048576K
}
Event: 21.099 GC heap after
{Heap after GC invocations=6 (full 0):
 garbage-first heap   total 63488K, used 12982K [0x00000000c2800000, 0x0000000100000000)
  region size 1024K, 4 young (4096K), 4 survivors (4096K)
 Metaspace       used 20455K, committed 20736K, reserved 1114112K
  class space    used 2587K, committed 2752K, reserved 1048576K
}
Event: 21.564 GC heap before
{Heap before GC invocations=6 (full 0):
 garbage-first heap   total 63488K, used 18102K [0x00000000c2800000, 0x0000000100000000)
  region size 1024K, 10 young (10240K), 4 survivors (4096K)
 Metaspace       used 21244K, committed 21504K, reserved 1114112K
  class space    used 2684K, committed 2816K, reserved 1048576K
}
Event: 21.577 GC heap after
{Heap after GC invocations=7 (full 0):
 garbage-first heap   total 63488K, used 13250K [0x00000000c2800000, 0x0000000100000000)
  region size 1024K, 3 young (3072K), 3 survivors (3072K)
 Metaspace       used 21244K, committed 21504K, reserved 1114112K
  class space    used 2684K, committed 2816K, reserved 1048576K
}
Event: 24.829 GC heap before
{Heap before GC invocations=8 (full 0):
 garbage-first heap   total 51200K, used 40898K [0x00000000c2800000, 0x0000000100000000)
  region size 1024K, 30 young (30720K), 3 survivors (3072K)
 Metaspace       used 25458K, committed 25728K, reserved 1114112K
  class space    used 3262K, committed 3392K, reserved 1048576K
}
Event: 24.878 GC heap after
{Heap after GC invocations=9 (full 0):
 garbage-first heap   total 51200K, used 15446K [0x00000000c2800000, 0x0000000100000000)
  region size 1024K, 3 young (3072K), 3 survivors (3072K)
 Metaspace       used 25458K, committed 25728K, reserved 1114112K
  class space    used 3262K, committed 3392K, reserved 1048576K
}
Event: 24.998 GC heap before
{Heap before GC invocations=9 (full 0):
 garbage-first heap   total 51200K, used 16470K [0x00000000c2800000, 0x0000000100000000)
  region size 1024K, 4 young (4096K), 3 survivors (3072K)
 Metaspace       used 25682K, committed 25984K, reserved 1114112K
  class space    used 3291K, committed 3456K, reserved 1048576K
}
Event: 25.009 GC heap after
{Heap after GC invocations=10 (full 0):
 garbage-first heap   total 51200K, used 15651K [0x00000000c2800000, 0x0000000100000000)
  region size 1024K, 1 young (1024K), 1 survivors (1024K)
 Metaspace       used 25682K, committed 25984K, reserved 1114112K
  class space    used 3291K, committed 3456K, reserved 1048576K
}
Event: 27.758 GC heap before
{Heap before GC invocations=10 (full 0):
 garbage-first heap   total 51200K, used 38179K [0x00000000c2800000, 0x0000000100000000)
  region size 1024K, 24 young (24576K), 1 survivors (1024K)
 Metaspace       used 29863K, committed 30144K, reserved 1114112K
  class space    used 3791K, committed 3904K, reserved 1048576K
}
Event: 27.779 GC heap after
{Heap after GC invocations=11 (full 0):
 garbage-first heap   total 51200K, used 17232K [0x00000000c2800000, 0x0000000100000000)
  region size 1024K, 3 young (3072K), 3 survivors (3072K)
 Metaspace       used 29863K, committed 30144K, reserved 1114112K
  class space    used 3791K, committed 3904K, reserved 1048576K
}
Event: 30.727 GC heap before
{Heap before GC invocations=11 (full 0):
 garbage-first heap   total 51200K, used 38736K [0x00000000c2800000, 0x0000000100000000)
  region size 1024K, 24 young (24576K), 3 survivors (3072K)
 Metaspace       used 34324K, committed 34688K, reserved 1114112K
  class space    used 4293K, committed 4480K, reserved 1048576K
}
Event: 30.739 GC heap after
{Heap after GC invocations=12 (full 0):
 garbage-first heap   total 51200K, used 19024K [0x00000000c2800000, 0x0000000100000000)
  region size 1024K, 2 young (2048K), 2 survivors (2048K)
 Metaspace       used 34324K, committed 34688K, reserved 1114112K
  class space    used 4293K, committed 4480K, reserved 1048576K
}
Event: 32.577 GC heap before
{Heap before GC invocations=12 (full 0):
 garbage-first heap   total 51200K, used 26192K [0x00000000c2800000, 0x0000000100000000)
  region size 1024K, 10 young (10240K), 2 survivors (2048K)
 Metaspace       used 35675K, committed 35968K, reserved 1114112K
  class space    used 4471K, committed 4608K, reserved 1048576K
}
Event: 32.585 GC heap after
{Heap after GC invocations=13 (full 0):
 garbage-first heap   total 51200K, used 19378K [0x00000000c2800000, 0x0000000100000000)
  region size 1024K, 3 young (3072K), 3 survivors (3072K)
 Metaspace       used 35675K, committed 35968K, reserved 1114112K
  class space    used 4471K, committed 4608K, reserved 1048576K
}
Event: 38.355 GC heap before
{Heap before GC invocations=14 (full 0):
 garbage-first heap   total 51200K, used 38834K [0x00000000c2800000, 0x0000000100000000)
  region size 1024K, 23 young (23552K), 3 survivors (3072K)
 Metaspace       used 40663K, committed 40960K, reserved 1114112K
  class space    used 5347K, committed 5504K, reserved 1048576K
}
Event: 38.373 GC heap after
{Heap after GC invocations=15 (full 0):
 garbage-first heap   total 61440K, used 20382K [0x00000000c2800000, 0x0000000100000000)
  region size 1024K, 2 young (2048K), 2 survivors (2048K)
 Metaspace       used 40663K, committed 40960K, reserved 1114112K
  class space    used 5347K, committed 5504K, reserved 1048576K
}
Event: 40.407 GC heap before
{Heap before GC invocations=15 (full 0):
 garbage-first heap   total 61440K, used 48030K [0x00000000c2800000, 0x0000000100000000)
  region size 1024K, 29 young (29696K), 2 survivors (2048K)
 Metaspace       used 47560K, committed 47872K, reserved 1114112K
  class space    used 6311K, committed 6464K, reserved 1048576K
}
Event: 40.427 GC heap after
{Heap after GC invocations=16 (full 0):
 garbage-first heap   total 61440K, used 21853K [0x00000000c2800000, 0x0000000100000000)
  region size 1024K, 3 young (3072K), 3 survivors (3072K)
 Metaspace       used 47560K, committed 47872K, reserved 1114112K
  class space    used 6311K, committed 6464K, reserved 1048576K
}
Event: 42.861 GC heap before
{Heap before GC invocations=16 (full 0):
 garbage-first heap   total 61440K, used 48477K [0x00000000c2800000, 0x0000000100000000)
  region size 1024K, 29 young (29696K), 3 survivors (3072K)
 Metaspace       used 52413K, committed 52736K, reserved 1114112K
  class space    used 6913K, committed 7040K, reserved 1048576K
}
Event: 42.877 GC heap after
{Heap after GC invocations=17 (full 0):
 garbage-first heap   total 61440K, used 23800K [0x00000000c2800000, 0x0000000100000000)
  region size 1024K, 4 young (4096K), 4 survivors (4096K)
 Metaspace       used 52413K, committed 52736K, reserved 1114112K
  class space    used 6913K, committed 7040K, reserved 1048576K
}

